<assemblies timestamp="11/20/2024 09:45:53">
  <assembly name="C:\dev\Playground\XUnit\bin\Debug\net9.0\XUnitTestProj.dll" run-date="2024-11-20" run-time="09:45:53" total="4" passed="1" failed="2" skipped="1" time="0.665" errors="0">
    <errors />
    <collection total="4" passed="1" failed="2" skipped="1" name="Test collection for XUnitTestProject1.UnitTest1" time="0.006">
      <test name="XUnitTestProject1.UnitTest1.XUnitTestMethod1" type="XUnitTestProject1.UnitTest1" method="XUnitTestMethod1" time="0.0037958" result="Pass">
        <traits />
      </test>
      <test name="XUnitTestProject1.UnitTest1.XUnitTestShouldFail" type="XUnitTestProject1.UnitTest1" method="XUnitTestShouldFail" time="0.0011735" result="Fail">
        <failure>
          <message>Assert.True() Failure
Expected: True
Actual:   False</message>
          <stack-trace>   at XUnitTestProject1.UnitTest1.XUnitTestShouldFail() in C:\dev\Playground\XUnit\UnitTest1.cs:line 16
   at System.RuntimeMethodHandle.InvokeMethod(Object target, Void** arguments, Signature sig, Boolean isConstructor)
   at System.Reflection.MethodBaseInvoker.InvokeWithNoArgs(Object obj, BindingFlags invokeAttr)</stack-trace>
        </failure>
        <traits />
      </test>
      <test name="XUnitTestProject1.UnitTest1.XUnitTestShouldSkip" type="XUnitTestProject1.UnitTest1" method="XUnitTestShouldSkip" time="0.0010000" result="Skip">
        <reason><![CDATA[I Said So]]></reason>
        <traits />
      </test>
      <test name="XUnitTestProject1.UnitTest1.XUnitTestShouldError" type="XUnitTestProject1.UnitTest1" method="XUnitTestShouldError" time="0.0001715" result="Fail">
        <failure>
          <message>System.Exception : This is an error</message>
          <stack-trace>   at XUnitTestProject1.UnitTest1.XUnitTestShouldError() in C:\dev\Playground\XUnit\UnitTest1.cs:line 28
   at System.RuntimeMethodHandle.InvokeMethod(Object target, Void** arguments, Signature sig, Boolean isConstructor)
   at System.Reflection.MethodBaseInvoker.InvokeWithNoArgs(Object obj, BindingFlags invokeAttr)</stack-trace>
        </failure>
        <traits />
      </test>
    </collection>
  </assembly>
  <assembly name="C:\dev\Playground\XUnit\bin\Debug\net9.0\XUnitTestProj2.dll" run-date="2024-11-20" run-time="09:45:53" total="1" passed="1" failed="0" skipped="0" time="0.006" errors="0">
    <errors />
    <collection total="1" passed="0" failed="0" skipped="1" name="Test collection for XUnitTestProject2.UnitTest2" time="0.006">
      <test name="XUnitTestProject2.UnitTest2.XUnitTestNotRun" type="XUnitTestProject2.UnitTest2" method="XUnitTestNotRun" time="0.0061234" result="NotRun">
        <traits />
      </test>
    </collection>
  </assembly>
</assemblies>